<?xml version="1.0" encoding="UTF-8"?>
<testng-results ignored="0" total="1" passed="1" failed="0" skipped="0">
  <reporter-output>
  </reporter-output>
  <suite started-at="2022-09-27T22:30:08 IST" name="Default suite" finished-at="2022-09-27T22:30:11 IST" duration-ms="2916">
    <groups>
    </groups>
    <test started-at="2022-09-27T22:30:08 IST" name="Default test" finished-at="2022-09-27T22:30:11 IST" duration-ms="2916">
      <class name="practice.Delete_Request">
        <test-method signature="deleteRequest()[pri:0, instance:practice.Delete_Request@25084a1e]" started-at="2022-09-27T22:30:08 IST" name="deleteRequest" finished-at="2022-09-27T22:30:11 IST" duration-ms="2861" status="PASS">
          <reporter-output>
          </reporter-output>
        </test-method> <!-- deleteRequest -->
      </class> <!-- practice.Delete_Request -->
    </test> <!-- Default test -->
  </suite> <!-- Default suite -->
</testng-results>
